Using pre-set license
Built from '2020.3/release' branch; Version is '2020.3.27f1 (e759542391ea) revision 15161684'; Using compiler version '192528614'; Build Type 'Release'
OS: 'Windows 10  (10.0.19045) 64bit Education' Language: 'pt' Physical Memory: 16187 MB
BatchMode: 1, IsHumanControllingUs: 0, StartBugReporterOnCrash: 0, Is64bit: 1, IsPro: 0

COMMAND LINE ARGUMENTS:
C:\Program Files\Unity\Hub\Editor\2020.3.27f1\Editor\Unity.exe
-adb2
-batchMode
-noUpm
-name
AssetImportWorker0
-projectPath
C:/Users/aluno/Desktop/peixao/Robot_IA/RobotGuardBTStarter
-logFile
Logs/AssetImportWorker0.log
-srvPort
59648
Successfully changed project path to: C:/Users/aluno/Desktop/peixao/Robot_IA/RobotGuardBTStarter
C:/Users/aluno/Desktop/peixao/Robot_IA/RobotGuardBTStarter
Using Asset Import Pipeline V2.
Refreshing native plugins compatible for Editor in 30.10 ms, found 2 plugins.
Preloading 0 native plugins for Editor in 0.00 ms.
Initialize engine version: 2020.3.27f1 (e759542391ea)
[Subsystems] Discovering subsystems at path C:/Program Files/Unity/Hub/Editor/2020.3.27f1/Editor/Data/Resources/UnitySubsystems
[Subsystems] Discovering subsystems at path C:/Users/aluno/Desktop/peixao/Robot_IA/RobotGuardBTStarter/Assets
GfxDevice: creating device client; threaded=0
Direct3D:
    Version:  Direct3D 11.0 [level 11.1]
    Renderer: NVIDIA GeForce GTX 1050 Ti (ID=0x1c82)
    Vendor:   
    VRAM:     4017 MB
    Driver:   31.0.15.2802
Initialize mono
Mono path[0] = 'C:/Program Files/Unity/Hub/Editor/2020.3.27f1/Editor/Data/Managed'
Mono path[1] = 'C:/Program Files/Unity/Hub/Editor/2020.3.27f1/Editor/Data/MonoBleedingEdge/lib/mono/unityjit'
Mono config path = 'C:/Program Files/Unity/Hub/Editor/2020.3.27f1/Editor/Data/MonoBleedingEdge/etc'
Using monoOptions --debugger-agent=transport=dt_socket,embedding=1,server=y,suspend=n,address=127.0.0.1:56956
Begin MonoManager ReloadAssembly
Registering precompiled unity dll's ...
Register platform support module: C:/Program Files/Unity/Hub/Editor/2020.3.27f1/Editor/Data/PlaybackEngines/WebGLSupport/UnityEditor.WebGL.Extensions.dll
Register platform support module: C:/Program Files/Unity/Hub/Editor/2020.3.27f1/Editor/Data/PlaybackEngines/WindowsStandaloneSupport/UnityEditor.WindowsStandalone.Extensions.dll
Registered in 0.003452 seconds.
Native extension for WindowsStandalone target not found
Native extension for WebGL target not found
Refreshing native plugins compatible for Editor in 26.89 ms, found 2 plugins.
Preloading 0 native plugins for Editor in 0.00 ms.
Mono: successfully reloaded assembly
- Completed reload, in  0.512 seconds
Domain Reload Profiling:
	ReloadAssembly (513ms)
		BeginReloadAssembly (65ms)
			ExecutionOrderSort (0ms)
			DisableScriptedObjects (0ms)
			BackupInstance (0ms)
			ReleaseScriptingObjects (0ms)
			CreateAndSetChildDomain (1ms)
		EndReloadAssembly (378ms)
			LoadAssemblies (62ms)
			RebuildTransferFunctionScriptingTraits (0ms)
			SetupTypeCache (125ms)
			ReleaseScriptCaches (0ms)
			RebuildScriptCaches (28ms)
			SetupLoadedEditorAssemblies (140ms)
				LogAssemblyErrors (0ms)
				InitializePlatformSupportModulesInManaged (5ms)
				SetLoadedEditorAssemblies (0ms)
				RefreshPlugins (27ms)
				BeforeProcessingInitializeOnLoad (13ms)
				ProcessInitializeOnLoadAttributes (72ms)
				ProcessInitializeOnLoadMethodAttributes (23ms)
				AfterProcessingInitializeOnLoad (0ms)
				EditorAssembliesLoaded (0ms)
			ExecutionOrderSort2 (0ms)
			AwakeInstancesAfterBackupRestoration (0ms)
Platform modules already initialized, skipping
Registering precompiled user dll's ...
Registered in 0.007344 seconds.
Begin MonoManager ReloadAssembly
Native extension for WindowsStandalone target not found
Native extension for WebGL target not found
Refreshing native plugins compatible for Editor in 0.31 ms, found 2 plugins.
Preloading 0 native plugins for Editor in 0.00 ms.
Mono: successfully reloaded assembly
- Completed reload, in  0.884 seconds
Domain Reload Profiling:
	ReloadAssembly (885ms)
		BeginReloadAssembly (136ms)
			ExecutionOrderSort (0ms)
			DisableScriptedObjects (4ms)
			BackupInstance (0ms)
			ReleaseScriptingObjects (0ms)
			CreateAndSetChildDomain (16ms)
		EndReloadAssembly (696ms)
			LoadAssemblies (89ms)
			RebuildTransferFunctionScriptingTraits (0ms)
			SetupTypeCache (241ms)
			ReleaseScriptCaches (0ms)
			RebuildScriptCaches (36ms)
			SetupLoadedEditorAssemblies (264ms)
				LogAssemblyErrors (0ms)
				InitializePlatformSupportModulesInManaged (5ms)
				SetLoadedEditorAssemblies (1ms)
				RefreshPlugins (0ms)
				BeforeProcessingInitializeOnLoad (69ms)
				ProcessInitializeOnLoadAttributes (173ms)
				ProcessInitializeOnLoadMethodAttributes (7ms)
				AfterProcessingInitializeOnLoad (8ms)
				EditorAssembliesLoaded (0ms)
			ExecutionOrderSort2 (0ms)
			AwakeInstancesAfterBackupRestoration (6ms)
Platform modules already initialized, skipping
========================================================================
Worker process is ready to serve import requests
Launched and connected shader compiler UnityShaderCompiler.exe after 0.06 seconds
Refreshing native plugins compatible for Editor in 0.32 ms, found 2 plugins.
Preloading 0 native plugins for Editor in 0.00 ms.
Unloading 1528 Unused Serialized files (Serialized files now loaded: 0)
System memory in use before: 69.4 MB.
System memory in use after: 69.5 MB.

Unloading 21 unused Assets to reduce memory usage. Loaded Objects now: 1961.
Total: 2.529800 ms (FindLiveObjects: 0.127600 ms CreateObjectMapping: 0.035700 ms MarkObjects: 2.313800 ms  DeleteObjects: 0.052100 ms)

AssetImportParameters requested are different than current active one (requested -> active):
  custom:framework-win-MediaFoundation: 216162199b28c13a410421893ffa2e32 -> 
  custom:video-decoder-ogg-theora: a1e56fd34408186e4bbccfd4996cb3dc -> 
  custom:container-muxer-webm: aa71ff27fc2769a1b78a27578f13a17b -> 
  custom:container-demuxer-webm: 4f35f7cbe854078d1ac9338744f61a02 -> 
  custom:container-demuxer-ogg: 62fdf1f143b41e24485cea50d1cbac27 -> 
  custom:video-encoder-webm-vp8: eb34c28f22e8b96e1ab97ce403110664 -> 
  custom:video-decoder-webm-vp8: 9c59270c3fd7afecdb556c50c9e8de78 -> 
  custom:audio-decoder-ogg-vorbis: bf7c407c2cedff20999df2af8eb42d56 -> 
  custom:audio-encoder-webm-vorbis: bf7c407c2cedff20999df2af8eb42d56 -> 
========================================================================
Received Import Request.
  path: Assets/AI.cs
  artifactKey: Guid(7c3da9624d5beec4c957da88e54b155f) Importer(815301076,1909f56bfc062723c751e8b465ee728b)
Start importing Assets/AI.cs using Guid(7c3da9624d5beec4c957da88e54b155f) Importer(815301076,1909f56bfc062723c751e8b465ee728b)  -> (artifact id: '0dec9c3e88a8999e03c7b234d55db3f0') in 0.027498 seconds 
  Import took 0.029611 seconds .

========================================================================
Received Import Request.
  Time since last request: 7.450145 seconds.
  path: Assets/Drive.cs
  artifactKey: Guid(b8621996a1f354dc586a6379c74501be) Importer(815301076,1909f56bfc062723c751e8b465ee728b)
Start importing Assets/Drive.cs using Guid(b8621996a1f354dc586a6379c74501be) Importer(815301076,1909f56bfc062723c751e8b465ee728b)  -> (artifact id: '9c8174d2b989d76bf1557183a46f0a53') in 0.006673 seconds 
  Import took 0.009110 seconds .

========================================================================
Received Prepare
Registering precompiled user dll's ...
Registered in 0.006665 seconds.
Begin MonoManager ReloadAssembly
Native extension for WindowsStandalone target not found
Native extension for WebGL target not found
Refreshing native plugins compatible for Editor in 0.31 ms, found 2 plugins.
Preloading 0 native plugins for Editor in 0.00 ms.
Mono: successfully reloaded assembly
- Completed reload, in  0.839 seconds
Domain Reload Profiling:
	ReloadAssembly (840ms)
		BeginReloadAssembly (111ms)
			ExecutionOrderSort (0ms)
			DisableScriptedObjects (4ms)
			BackupInstance (0ms)
			ReleaseScriptingObjects (0ms)
			CreateAndSetChildDomain (28ms)
		EndReloadAssembly (673ms)
			LoadAssemblies (93ms)
			RebuildTransferFunctionScriptingTraits (0ms)
			SetupTypeCache (228ms)
			ReleaseScriptCaches (1ms)
			RebuildScriptCaches (35ms)
			SetupLoadedEditorAssemblies (242ms)
				LogAssemblyErrors (0ms)
				InitializePlatformSupportModulesInManaged (5ms)
				SetLoadedEditorAssemblies (0ms)
				RefreshPlugins (0ms)
				BeforeProcessingInitializeOnLoad (70ms)
				ProcessInitializeOnLoadAttributes (152ms)
				ProcessInitializeOnLoadMethodAttributes (7ms)
				AfterProcessingInitializeOnLoad (7ms)
				EditorAssembliesLoaded (0ms)
			ExecutionOrderSort2 (0ms)
			AwakeInstancesAfterBackupRestoration (5ms)
Platform modules already initialized, skipping
Refreshing native plugins compatible for Editor in 0.32 ms, found 2 plugins.
Preloading 0 native plugins for Editor in 0.00 ms.
Unloading 1522 Unused Serialized files (Serialized files now loaded: 0)
System memory in use before: 69.2 MB.
System memory in use after: 69.3 MB.

Unloading 16 unused Assets to reduce memory usage. Loaded Objects now: 1963.
Total: 2.517800 ms (FindLiveObjects: 0.126900 ms CreateObjectMapping: 0.044600 ms MarkObjects: 2.333100 ms  DeleteObjects: 0.012300 ms)

AssetImportParameters requested are different than current active one (requested -> active):
  custom:framework-win-MediaFoundation: 216162199b28c13a410421893ffa2e32 -> 
  custom:video-decoder-ogg-theora: a1e56fd34408186e4bbccfd4996cb3dc -> 
  custom:container-muxer-webm: aa71ff27fc2769a1b78a27578f13a17b -> 
  custom:container-demuxer-webm: 4f35f7cbe854078d1ac9338744f61a02 -> 
  custom:container-demuxer-ogg: 62fdf1f143b41e24485cea50d1cbac27 -> 
  custom:video-encoder-webm-vp8: eb34c28f22e8b96e1ab97ce403110664 -> 
  custom:video-decoder-webm-vp8: 9c59270c3fd7afecdb556c50c9e8de78 -> 
  custom:audio-decoder-ogg-vorbis: bf7c407c2cedff20999df2af8eb42d56 -> 
  custom:audio-encoder-webm-vorbis: bf7c407c2cedff20999df2af8eb42d56 -> 
========================================================================
Received Import Request.
  Time since last request: 150.118689 seconds.
  path: Assets/Drive.cs
  artifactKey: Guid(b8621996a1f354dc586a6379c74501be) Importer(815301076,1909f56bfc062723c751e8b465ee728b)
Start importing Assets/Drive.cs using Guid(b8621996a1f354dc586a6379c74501be) Importer(815301076,1909f56bfc062723c751e8b465ee728b)  -> (artifact id: 'a945ebd970f25df87521ee4125fd706d') in 0.005854 seconds 
  Import took 0.007852 seconds .

========================================================================
Received Import Request.
  Time since last request: 7.277508 seconds.
  path: Assets
  artifactKey: Guid(00000000000000001000000000000000) Importer(815301076,1909f56bfc062723c751e8b465ee728b)
Start importing Assets using Guid(00000000000000001000000000000000) Importer(815301076,1909f56bfc062723c751e8b465ee728b)  -> (artifact id: '42d402b061de3733987d63b9cc3b64de') in 0.006032 seconds 
  Import took 0.008646 seconds .

========================================================================
Received Import Request.
  Time since last request: 493.188929 seconds.
  path: Assets/New Panda Script.BT.txt
  artifactKey: Guid(655946d47807246448cb1fbcca5cb54b) Importer(815301076,1909f56bfc062723c751e8b465ee728b)
Start importing Assets/New Panda Script.BT.txt using Guid(655946d47807246448cb1fbcca5cb54b) Importer(815301076,1909f56bfc062723c751e8b465ee728b)  -> (artifact id: '5ea1d8e96014d5362a594786950d30b0') in 0.019475 seconds 
  Import took 0.022027 seconds .

========================================================================
Received Import Request.
  Time since last request: 8.391726 seconds.
  path: Assets/Wander.txt
  artifactKey: Guid(655946d47807246448cb1fbcca5cb54b) Importer(815301076,1909f56bfc062723c751e8b465ee728b)
Start importing Assets/Wander.txt using Guid(655946d47807246448cb1fbcca5cb54b) Importer(815301076,1909f56bfc062723c751e8b465ee728b)  -> (artifact id: '420c257041e8084e902082e7eec910c6') in 0.005196 seconds 
  Import took 0.007363 seconds .

========================================================================
Received Import Request.
  Time since last request: 20.171844 seconds.
  path: Assets/Wander.txt
  artifactKey: Guid(655946d47807246448cb1fbcca5cb54b) Importer(815301076,1909f56bfc062723c751e8b465ee728b)
Start importing Assets/Wander.txt using Guid(655946d47807246448cb1fbcca5cb54b) Importer(815301076,1909f56bfc062723c751e8b465ee728b)  -> (artifact id: '24f0c74ae9368034b0e8ad49122c6e19') in 0.005074 seconds 
  Import took 0.007388 seconds .

========================================================================
Received Import Request.
  Time since last request: 29.176234 seconds.
  path: Assets/WANDER.txt
  artifactKey: Guid(655946d47807246448cb1fbcca5cb54b) Importer(815301076,1909f56bfc062723c751e8b465ee728b)
Start importing Assets/WANDER.txt using Guid(655946d47807246448cb1fbcca5cb54b) Importer(815301076,1909f56bfc062723c751e8b465ee728b)  -> (artifact id: '1da7da91526fc452a5d6b8f95245392e') in 0.005170 seconds 
  Import took 0.007306 seconds .

========================================================================
Received Import Request.
  Time since last request: 29.164087 seconds.
  path: Assets/Wander.txt
  artifactKey: Guid(655946d47807246448cb1fbcca5cb54b) Importer(815301076,1909f56bfc062723c751e8b465ee728b)
Start importing Assets/Wander.txt using Guid(655946d47807246448cb1fbcca5cb54b) Importer(815301076,1909f56bfc062723c751e8b465ee728b)  -> (artifact id: '14961a5a9833cae4d43cd9048942e352') in 0.004491 seconds 
  Import took 0.006759 seconds .

========================================================================
Received Import Request.
  Time since last request: 327.780133 seconds.
  path: Assets/AI.cs
  artifactKey: Guid(7c3da9624d5beec4c957da88e54b155f) Importer(815301076,1909f56bfc062723c751e8b465ee728b)
Start importing Assets/AI.cs using Guid(7c3da9624d5beec4c957da88e54b155f) Importer(815301076,1909f56bfc062723c751e8b465ee728b)  -> (artifact id: 'bdcf5b25d8a24f6f489867ce8b0b5e27') in 0.005100 seconds 
  Import took 0.008055 seconds .

========================================================================
Received Import Request.
  Time since last request: 8.679011 seconds.
  path: Assets/WANDER.txt
  artifactKey: Guid(655946d47807246448cb1fbcca5cb54b) Importer(815301076,1909f56bfc062723c751e8b465ee728b)
Start importing Assets/WANDER.txt using Guid(655946d47807246448cb1fbcca5cb54b) Importer(815301076,1909f56bfc062723c751e8b465ee728b)  -> (artifact id: 'b39d850b518a9cf6f253a6a50b0e28e0') in 0.004810 seconds 
  Import took 0.006996 seconds .

========================================================================
Received Import Request.
  Time since last request: 49.731252 seconds.
  path: Assets/Panda.BT.free/Editor/Resources/Panda_Break_Foldout.DarkSkin.png
  artifactKey: Guid(352cc1eb90d19834981a15c9cd79dff6) Importer(815301076,1909f56bfc062723c751e8b465ee728b)
Start importing Assets/Panda.BT.free/Editor/Resources/Panda_Break_Foldout.DarkSkin.png using Guid(352cc1eb90d19834981a15c9cd79dff6) Importer(815301076,1909f56bfc062723c751e8b465ee728b)  -> (artifact id: 'f7a6e3e1fb34d0130c7c7c8516dae303') in 0.060711 seconds 
  Import took 0.063038 seconds .

========================================================================
Received Import Request.
  Time since last request: 0.000205 seconds.
  path: Assets/Panda.BT.free/Editor/Resources/Panda_Break_Foldout.LightSkin.png
  artifactKey: Guid(d6f49dfd11732b040a313eb2d42d96c4) Importer(815301076,1909f56bfc062723c751e8b465ee728b)
Start importing Assets/Panda.BT.free/Editor/Resources/Panda_Break_Foldout.LightSkin.png using Guid(d6f49dfd11732b040a313eb2d42d96c4) Importer(815301076,1909f56bfc062723c751e8b465ee728b)  -> (artifact id: '17d7975ef8c4d1cb8b634c846dfdbed9') in 0.009766 seconds 
  Import took 0.011871 seconds .

========================================================================
Received Import Request.
  Time since last request: 0.000167 seconds.
  path: Assets/Panda.BT.free/Editor/Gizmos/PandaScript icon.png
  artifactKey: Guid(8a86a9e4e5dd8324fa1e71b781bd8dac) Importer(815301076,1909f56bfc062723c751e8b465ee728b)
Start importing Assets/Panda.BT.free/Editor/Gizmos/PandaScript icon.png using Guid(8a86a9e4e5dd8324fa1e71b781bd8dac) Importer(815301076,1909f56bfc062723c751e8b465ee728b)  -> (artifact id: '262ed8085f936f46f2ecf6a7a9c8a8d7') in 0.011080 seconds 
  Import took 0.013159 seconds .

========================================================================
Received Import Request.
  Time since last request: 0.000262 seconds.
  path: Assets/Panda.BT.free/Editor/Resources/Panda_Break_Point.failed.png
  artifactKey: Guid(4e8ad51b3c8088e42bce927ed2783e04) Importer(815301076,1909f56bfc062723c751e8b465ee728b)
Start importing Assets/Panda.BT.free/Editor/Resources/Panda_Break_Point.failed.png using Guid(4e8ad51b3c8088e42bce927ed2783e04) Importer(815301076,1909f56bfc062723c751e8b465ee728b)  -> (artifact id: '2490000da430cd1df4d00fa28ac25b0f') in 0.010436 seconds 
  Import took 0.012622 seconds .

========================================================================
Received Import Request.
  Time since last request: 0.000199 seconds.
  path: Assets/Panda.BT.free/Editor/PandaBehaviourEditor.asmdef
  artifactKey: Guid(066143f4bc06a41498c21fb8b45ae93b) Importer(815301076,1909f56bfc062723c751e8b465ee728b)
Start importing Assets/Panda.BT.free/Editor/PandaBehaviourEditor.asmdef using Guid(066143f4bc06a41498c21fb8b45ae93b) Importer(815301076,1909f56bfc062723c751e8b465ee728b)  -> (artifact id: '42f04e88626c427b598c1283a823f62c') in 0.008771 seconds 
  Import took 0.010923 seconds .

========================================================================
Received Import Request.
  Time since last request: 0.000224 seconds.
  path: Assets/Panda.BT.free/Editor/Resources/Panda_Break_Point.running.png
  artifactKey: Guid(4870203cc88dc674b9af1d2fa5c4403e) Importer(815301076,1909f56bfc062723c751e8b465ee728b)
Start importing Assets/Panda.BT.free/Editor/Resources/Panda_Break_Point.running.png using Guid(4870203cc88dc674b9af1d2fa5c4403e) Importer(815301076,1909f56bfc062723c751e8b465ee728b)  -> (artifact id: '32ac379b4a28fce9ea960062f5a48f2c') in 0.009737 seconds 
  Import took 0.011922 seconds .

========================================================================
Received Import Request.
  Time since last request: 0.000212 seconds.
  path: Assets/Panda.BT.free/Editor/Resources/Panda_Break_Point.active.png
  artifactKey: Guid(0b2cc99f8423b1643bbfa0b1eae5bc6b) Importer(815301076,1909f56bfc062723c751e8b465ee728b)
Start importing Assets/Panda.BT.free/Editor/Resources/Panda_Break_Point.active.png using Guid(0b2cc99f8423b1643bbfa0b1eae5bc6b) Importer(815301076,1909f56bfc062723c751e8b465ee728b)  -> (artifact id: '30fe065db30eaf6875f741f2ac54b340') in 0.010025 seconds 
  Import took 0.012171 seconds .

========================================================================
Received Import Request.
  Time since last request: 0.000182 seconds.
  path: Assets/Panda.BT.free/Editor/Resources/Panda_Break_Point.succeeded.png
  artifactKey: Guid(b5ee1ee2c0e87eb418290872de951c1c) Importer(815301076,1909f56bfc062723c751e8b465ee728b)
Start importing Assets/Panda.BT.free/Editor/Resources/Panda_Break_Point.succeeded.png using Guid(b5ee1ee2c0e87eb418290872de951c1c) Importer(815301076,1909f56bfc062723c751e8b465ee728b)  -> (artifact id: '951f6b05c44d6cb6e19a25c271d32d59') in 0.009874 seconds 
  Import took 0.012046 seconds .

========================================================================
Received Import Request.
  Time since last request: 0.000176 seconds.
  path: Assets/Panda.BT.free/Runtime/PandaBehaviour.asmdef
  artifactKey: Guid(1a2c68dd20b1dc148bdcdcbf3f3c9eda) Importer(815301076,1909f56bfc062723c751e8b465ee728b)
Start importing Assets/Panda.BT.free/Runtime/PandaBehaviour.asmdef using Guid(1a2c68dd20b1dc148bdcdcbf3f3c9eda) Importer(815301076,1909f56bfc062723c751e8b465ee728b)  -> (artifact id: '49efc8e637e990efa1aceb40721aa03b') in 0.004710 seconds 
  Import took 0.006794 seconds .

========================================================================
Received Prepare
Registering precompiled user dll's ...
Registered in 0.010227 seconds.
Begin MonoManager ReloadAssembly
Native extension for WindowsStandalone target not found
Native extension for WebGL target not found
Refreshing native plugins compatible for Editor in 0.33 ms, found 2 plugins.
Preloading 0 native plugins for Editor in 0.00 ms.
Mono: successfully reloaded assembly
- Completed reload, in  0.866 seconds
Domain Reload Profiling:
	ReloadAssembly (867ms)
		BeginReloadAssembly (108ms)
			ExecutionOrderSort (0ms)
			DisableScriptedObjects (4ms)
			BackupInstance (0ms)
			ReleaseScriptingObjects (0ms)
			CreateAndSetChildDomain (29ms)
		EndReloadAssembly (703ms)
			LoadAssemblies (91ms)
			RebuildTransferFunctionScriptingTraits (0ms)
			SetupTypeCache (250ms)
			ReleaseScriptCaches (1ms)
			RebuildScriptCaches (41ms)
			SetupLoadedEditorAssemblies (250ms)
				LogAssemblyErrors (0ms)
				InitializePlatformSupportModulesInManaged (5ms)
				SetLoadedEditorAssemblies (0ms)
				RefreshPlugins (0ms)
				BeforeProcessingInitializeOnLoad (72ms)
				ProcessInitializeOnLoadAttributes (156ms)
				ProcessInitializeOnLoadMethodAttributes (9ms)
				AfterProcessingInitializeOnLoad (8ms)
				EditorAssembliesLoaded (0ms)
			ExecutionOrderSort2 (0ms)
			AwakeInstancesAfterBackupRestoration (6ms)
Platform modules already initialized, skipping
Refreshing native plugins compatible for Editor in 0.32 ms, found 2 plugins.
Preloading 0 native plugins for Editor in 0.00 ms.
Unloading 1522 Unused Serialized files (Serialized files now loaded: 0)
System memory in use before: 69.3 MB.
System memory in use after: 69.4 MB.

Unloading 16 unused Assets to reduce memory usage. Loaded Objects now: 1969.
Total: 2.138700 ms (FindLiveObjects: 0.105900 ms CreateObjectMapping: 0.038700 ms MarkObjects: 1.979300 ms  DeleteObjects: 0.013900 ms)

AssetImportParameters requested are different than current active one (requested -> active):
  custom:framework-win-MediaFoundation: 216162199b28c13a410421893ffa2e32 -> 
  custom:video-decoder-ogg-theora: a1e56fd34408186e4bbccfd4996cb3dc -> 
  custom:container-muxer-webm: aa71ff27fc2769a1b78a27578f13a17b -> 
  custom:container-demuxer-webm: 4f35f7cbe854078d1ac9338744f61a02 -> 
  custom:container-demuxer-ogg: 62fdf1f143b41e24485cea50d1cbac27 -> 
  custom:video-encoder-webm-vp8: eb34c28f22e8b96e1ab97ce403110664 -> 
  custom:video-decoder-webm-vp8: 9c59270c3fd7afecdb556c50c9e8de78 -> 
  custom:audio-decoder-ogg-vorbis: bf7c407c2cedff20999df2af8eb42d56 -> 
  custom:audio-encoder-webm-vorbis: bf7c407c2cedff20999df2af8eb42d56 -> 
AssetImportWorkerClient::OnTransportError - code=2 error=End of file
